07-12-2017 21:37:14 ERROR [AWT-EventQueue-0] (SqlExceptionHelper.java:146) - ERROR: column am.amcanorder does not exist
  Posição: 407
07-12-2017 21:37:14 ERROR [AWT-EventQueue-0] (SchemaUpdate.java:247) - HHH000299: Could not complete schema update
java.lang.NullPointerException
	at org.hibernate.engine.jdbc.spi.SqlExceptionHelper.convert(SqlExceptionHelper.java:126)
	at org.hibernate.engine.jdbc.spi.SqlExceptionHelper.convert(SqlExceptionHelper.java:112)
	at org.hibernate.tool.hbm2ddl.DatabaseMetadata.getTableMetadata(DatabaseMetadata.java:156)
	at org.hibernate.cfg.Configuration.generateSchemaUpdateScriptList(Configuration.java:1202)
	at org.hibernate.tool.hbm2ddl.SchemaUpdate.execute(SchemaUpdate.java:212)
	at org.hibernate.tool.hbm2ddl.SchemaUpdate.execute(SchemaUpdate.java:178)
	at org.hibernate.internal.SessionFactoryImpl.<init>(SessionFactoryImpl.java:521)
	at org.hibernate.cfg.Configuration.buildSessionFactory(Configuration.java:1857)
	at org.hibernate.cfg.Configuration.buildSessionFactory(Configuration.java:1928)
	at br.com.is.utils.HibernateUtil.<clinit>(HibernateUtil.java:24)
	at br.com.is.DAO.Generico.<init>(Generico.java:21)
	at br.com.is.View.Login.jButton1ActionPerformed(Login.java:133)
	at br.com.is.View.Login.access$000(Login.java:24)
	at br.com.is.View.Login$1.actionPerformed(Login.java:70)
	at javax.swing.AbstractButton.fireActionPerformed(AbstractButton.java:2022)
	at javax.swing.AbstractButton$Handler.actionPerformed(AbstractButton.java:2348)
	at javax.swing.DefaultButtonModel.fireActionPerformed(DefaultButtonModel.java:402)
	at javax.swing.DefaultButtonModel.setPressed(DefaultButtonModel.java:259)
	at javax.swing.plaf.basic.BasicButtonListener.mouseReleased(BasicButtonListener.java:252)
	at java.awt.Component.processMouseEvent(Component.java:6533)
	at javax.swing.JComponent.processMouseEvent(JComponent.java:3324)
	at java.awt.Component.processEvent(Component.java:6298)
	at java.awt.Container.processEvent(Container.java:2236)
	at java.awt.Component.dispatchEventImpl(Component.java:4889)
	at java.awt.Container.dispatchEventImpl(Container.java:2294)
	at java.awt.Component.dispatchEvent(Component.java:4711)
	at java.awt.LightweightDispatcher.retargetMouseEvent(Container.java:4888)
	at java.awt.LightweightDispatcher.processMouseEvent(Container.java:4525)
	at java.awt.LightweightDispatcher.dispatchEvent(Container.java:4466)
	at java.awt.Container.dispatchEventImpl(Container.java:2280)
	at java.awt.Window.dispatchEventImpl(Window.java:2746)
	at java.awt.Component.dispatchEvent(Component.java:4711)
	at java.awt.EventQueue.dispatchEventImpl(EventQueue.java:758)
	at java.awt.EventQueue.access$500(EventQueue.java:97)
	at java.awt.EventQueue$3.run(EventQueue.java:709)
	at java.awt.EventQueue$3.run(EventQueue.java:703)
	at java.security.AccessController.doPrivileged(Native Method)
	at java.security.ProtectionDomain$JavaSecurityAccessImpl.doIntersectionPrivilege(ProtectionDomain.java:80)
	at java.security.ProtectionDomain$JavaSecurityAccessImpl.doIntersectionPrivilege(ProtectionDomain.java:90)
	at java.awt.EventQueue$4.run(EventQueue.java:731)
	at java.awt.EventQueue$4.run(EventQueue.java:729)
	at java.security.AccessController.doPrivileged(Native Method)
	at java.security.ProtectionDomain$JavaSecurityAccessImpl.doIntersectionPrivilege(ProtectionDomain.java:80)
	at java.awt.EventQueue.dispatchEvent(EventQueue.java:728)
	at java.awt.EventDispatchThread.pumpOneEventForFilters(EventDispatchThread.java:201)
	at java.awt.EventDispatchThread.pumpEventsForFilter(EventDispatchThread.java:116)
	at java.awt.EventDispatchThread.pumpEventsForHierarchy(EventDispatchThread.java:105)
	at java.awt.EventDispatchThread.pumpEvents(EventDispatchThread.java:101)
	at java.awt.EventDispatchThread.pumpEvents(EventDispatchThread.java:93)
	at java.awt.EventDispatchThread.run(EventDispatchThread.java:82)
07-12-2017 21:38:20  WARN [AWT-EventQueue-0] (DTDEntityResolver.java:75) - HHH000223: Recognized obsolete hibernate namespace http://hibernate.sourceforge.net/. Use namespace http://www.hibernate.org/dtd/ instead. Refer to Hibernate 3.6 Migration Guide!
07-12-2017 21:38:20  WARN [AWT-EventQueue-0] (DriverManagerConnectionProviderImpl.java:93) - HHH000402: Using Hibernate built-in connection pool (not for production use!)
07-12-2017 21:38:21  WARN [AWT-EventQueue-0] (SqlExceptionHelper.java:144) - SQL Error: 0, SQLState: 42703
07-12-2017 21:38:21 ERROR [AWT-EventQueue-0] (SqlExceptionHelper.java:146) - ERROR: column am.amcanorder does not exist
  Posição: 407
07-12-2017 21:38:21 ERROR [AWT-EventQueue-0] (SchemaUpdate.java:247) - HHH000299: Could not complete schema update
java.lang.NullPointerException
	at org.hibernate.engine.jdbc.spi.SqlExceptionHelper.convert(SqlExceptionHelper.java:126)
	at org.hibernate.engine.jdbc.spi.SqlExceptionHelper.convert(SqlExceptionHelper.java:112)
	at org.hibernate.tool.hbm2ddl.DatabaseMetadata.getTableMetadata(DatabaseMetadata.java:156)
	at org.hibernate.cfg.Configuration.generateSchemaUpdateScriptList(Configuration.java:1202)
	at org.hibernate.tool.hbm2ddl.SchemaUpdate.execute(SchemaUpdate.java:212)
	at org.hibernate.tool.hbm2ddl.SchemaUpdate.execute(SchemaUpdate.java:178)
	at org.hibernate.internal.SessionFactoryImpl.<init>(SessionFactoryImpl.java:521)
	at org.hibernate.cfg.Configuration.buildSessionFactory(Configuration.java:1857)
	at org.hibernate.cfg.Configuration.buildSessionFactory(Configuration.java:1928)
	at br.com.is.utils.HibernateUtil.<clinit>(HibernateUtil.java:24)
	at br.com.is.DAO.Generico.<init>(Generico.java:21)
	at br.com.is.View.Login.jButton1ActionPerformed(Login.java:133)
	at br.com.is.View.Login.access$000(Login.java:24)
	at br.com.is.View.Login$1.actionPerformed(Login.java:70)
	at javax.swing.AbstractButton.fireActionPerformed(AbstractButton.java:2022)
	at javax.swing.AbstractButton$Handler.actionPerformed(AbstractButton.java:2348)
	at javax.swing.DefaultButtonModel.fireActionPerformed(DefaultButtonModel.java:402)
	at javax.swing.DefaultButtonModel.setPressed(DefaultButtonModel.java:259)
	at javax.swing.plaf.basic.BasicButtonListener.mouseReleased(BasicButtonListener.java:252)
	at java.awt.Component.processMouseEvent(Component.java:6533)
	at javax.swing.JComponent.processMouseEvent(JComponent.java:3324)
	at java.awt.Component.processEvent(Component.java:6298)
	at java.awt.Container.processEvent(Container.java:2236)
	at java.awt.Component.dispatchEventImpl(Component.java:4889)
	at java.awt.Container.dispatchEventImpl(Container.java:2294)
	at java.awt.Component.dispatchEvent(Component.java:4711)
	at java.awt.LightweightDispatcher.retargetMouseEvent(Container.java:4888)
	at java.awt.LightweightDispatcher.processMouseEvent(Container.java:4525)
	at java.awt.LightweightDispatcher.dispatchEvent(Container.java:4466)
	at java.awt.Container.dispatchEventImpl(Container.java:2280)
	at java.awt.Window.dispatchEventImpl(Window.java:2746)
	at java.awt.Component.dispatchEvent(Component.java:4711)
	at java.awt.EventQueue.dispatchEventImpl(EventQueue.java:758)
	at java.awt.EventQueue.access$500(EventQueue.java:97)
	at java.awt.EventQueue$3.run(EventQueue.java:709)
	at java.awt.EventQueue$3.run(EventQueue.java:703)
	at java.security.AccessController.doPrivileged(Native Method)
	at java.security.ProtectionDomain$JavaSecurityAccessImpl.doIntersectionPrivilege(ProtectionDomain.java:80)
	at java.security.ProtectionDomain$JavaSecurityAccessImpl.doIntersectionPrivilege(ProtectionDomain.java:90)
	at java.awt.EventQueue$4.run(EventQueue.java:731)
	at java.awt.EventQueue$4.run(EventQueue.java:729)
	at java.security.AccessController.doPrivileged(Native Method)
	at java.security.ProtectionDomain$JavaSecurityAccessImpl.doIntersectionPrivilege(ProtectionDomain.java:80)
	at java.awt.EventQueue.dispatchEvent(EventQueue.java:728)
	at java.awt.EventDispatchThread.pumpOneEventForFilters(EventDispatchThread.java:201)
	at java.awt.EventDispatchThread.pumpEventsForFilter(EventDispatchThread.java:116)
	at java.awt.EventDispatchThread.pumpEventsForHierarchy(EventDispatchThread.java:105)
	at java.awt.EventDispatchThread.pumpEvents(EventDispatchThread.java:101)
	at java.awt.EventDispatchThread.pumpEvents(EventDispatchThread.java:93)
	at java.awt.EventDispatchThread.run(EventDispatchThread.java:82)
07-12-2017 21:58:48  WARN [AWT-EventQueue-0] (DTDEntityResolver.java:75) - HHH000223: Recognized obsolete hibernate namespace http://hibernate.sourceforge.net/. Use namespace http://www.hibernate.org/dtd/ instead. Refer to Hibernate 3.6 Migration Guide!
07-12-2017 21:58:48  WARN [AWT-EventQueue-0] (DriverManagerConnectionProviderImpl.java:93) - HHH000402: Using Hibernate built-in connection pool (not for production use!)
07-12-2017 21:58:49  WARN [AWT-EventQueue-0] (SqlExceptionHelper.java:144) - SQL Error: 0, SQLState: 42703
07-12-2017 21:58:49 ERROR [AWT-EventQueue-0] (SqlExceptionHelper.java:146) - ERROR: column am.amcanorder does not exist
  Posição: 407
07-12-2017 21:58:49 ERROR [AWT-EventQueue-0] (SchemaUpdate.java:247) - HHH000299: Could not complete schema update
java.lang.NullPointerException
	at org.hibernate.engine.jdbc.spi.SqlExceptionHelper.convert(SqlExceptionHelper.java:126)
	at org.hibernate.engine.jdbc.spi.SqlExceptionHelper.convert(SqlExceptionHelper.java:112)
	at org.hibernate.tool.hbm2ddl.DatabaseMetadata.getTableMetadata(DatabaseMetadata.java:156)
	at org.hibernate.cfg.Configuration.generateSchemaUpdateScriptList(Configuration.java:1202)
	at org.hibernate.tool.hbm2ddl.SchemaUpdate.execute(SchemaUpdate.java:212)
	at org.hibernate.tool.hbm2ddl.SchemaUpdate.execute(SchemaUpdate.java:178)
	at org.hibernate.internal.SessionFactoryImpl.<init>(SessionFactoryImpl.java:521)
	at org.hibernate.cfg.Configuration.buildSessionFactory(Configuration.java:1857)
	at org.hibernate.cfg.Configuration.buildSessionFactory(Configuration.java:1928)
	at br.com.is.utils.HibernateUtil.<clinit>(HibernateUtil.java:24)
	at br.com.is.DAO.Generico.<init>(Generico.java:21)
	at br.com.is.View.Login.jButton1ActionPerformed(Login.java:133)
	at br.com.is.View.Login.access$000(Login.java:24)
	at br.com.is.View.Login$1.actionPerformed(Login.java:70)
	at javax.swing.AbstractButton.fireActionPerformed(AbstractButton.java:2022)
	at javax.swing.AbstractButton$Handler.actionPerformed(AbstractButton.java:2348)
	at javax.swing.DefaultButtonModel.fireActionPerformed(DefaultButtonModel.java:402)
	at javax.swing.DefaultButtonModel.setPressed(DefaultButtonModel.java:259)
	at javax.swing.plaf.basic.BasicButtonListener.mouseReleased(BasicButtonListener.java:252)
	at java.awt.Component.processMouseEvent(Component.java:6533)
	at javax.swing.JComponent.processMouseEvent(JComponent.java:3324)
	at java.awt.Component.processEvent(Component.java:6298)
	at java.awt.Container.processEvent(Container.java:2236)
	at java.awt.Component.dispatchEventImpl(Component.java:4889)
	at java.awt.Container.dispatchEventImpl(Container.java:2294)
	at java.awt.Component.dispatchEvent(Component.java:4711)
	at java.awt.LightweightDispatcher.retargetMouseEvent(Container.java:4888)
	at java.awt.LightweightDispatcher.processMouseEvent(Container.java:4525)
	at java.awt.LightweightDispatcher.dispatchEvent(Container.java:4466)
	at java.awt.Container.dispatchEventImpl(Container.java:2280)
	at java.awt.Window.dispatchEventImpl(Window.java:2746)
	at java.awt.Component.dispatchEvent(Component.java:4711)
	at java.awt.EventQueue.dispatchEventImpl(EventQueue.java:758)
	at java.awt.EventQueue.access$500(EventQueue.java:97)
	at java.awt.EventQueue$3.run(EventQueue.java:709)
	at java.awt.EventQueue$3.run(EventQueue.java:703)
	at java.security.AccessController.doPrivileged(Native Method)
	at java.security.ProtectionDomain$JavaSecurityAccessImpl.doIntersectionPrivilege(ProtectionDomain.java:80)
	at java.security.ProtectionDomain$JavaSecurityAccessImpl.doIntersectionPrivilege(ProtectionDomain.java:90)
	at java.awt.EventQueue$4.run(EventQueue.java:731)
	at java.awt.EventQueue$4.run(EventQueue.java:729)
	at java.security.AccessController.doPrivileged(Native Method)
	at java.security.ProtectionDomain$JavaSecurityAccessImpl.doIntersectionPrivilege(ProtectionDomain.java:80)
	at java.awt.EventQueue.dispatchEvent(EventQueue.java:728)
	at java.awt.EventDispatchThread.pumpOneEventForFilters(EventDispatchThread.java:201)
	at java.awt.EventDispatchThread.pumpEventsForFilter(EventDispatchThread.java:116)
	at java.awt.EventDispatchThread.pumpEventsForHierarchy(EventDispatchThread.java:105)
	at java.awt.EventDispatchThread.pumpEvents(EventDispatchThread.java:101)
	at java.awt.EventDispatchThread.pumpEvents(EventDispatchThread.java:93)
	at java.awt.EventDispatchThread.run(EventDispatchThread.java:82)
07-12-2017 21:59:08  WARN [AWT-EventQueue-0] (DTDEntityResolver.java:75) - HHH000223: Recognized obsolete hibernate namespace http://hibernate.sourceforge.net/. Use namespace http://www.hibernate.org/dtd/ instead. Refer to Hibernate 3.6 Migration Guide!
07-12-2017 21:59:08  WARN [AWT-EventQueue-0] (DriverManagerConnectionProviderImpl.java:93) - HHH000402: Using Hibernate built-in connection pool (not for production use!)
07-12-2017 21:59:09  WARN [AWT-EventQueue-0] (SqlExceptionHelper.java:144) - SQL Error: 0, SQLState: 42703
07-12-2017 21:59:09 ERROR [AWT-EventQueue-0] (SqlExceptionHelper.java:146) - ERROR: column am.amcanorder does not exist
  Posição: 407
07-12-2017 21:59:09 ERROR [AWT-EventQueue-0] (SchemaUpdate.java:247) - HHH000299: Could not complete schema update
java.lang.NullPointerException
	at org.hibernate.engine.jdbc.spi.SqlExceptionHelper.convert(SqlExceptionHelper.java:126)
	at org.hibernate.engine.jdbc.spi.SqlExceptionHelper.convert(SqlExceptionHelper.java:112)
	at org.hibernate.tool.hbm2ddl.DatabaseMetadata.getTableMetadata(DatabaseMetadata.java:156)
	at org.hibernate.cfg.Configuration.generateSchemaUpdateScriptList(Configuration.java:1202)
	at org.hibernate.tool.hbm2ddl.SchemaUpdate.execute(SchemaUpdate.java:212)
	at org.hibernate.tool.hbm2ddl.SchemaUpdate.execute(SchemaUpdate.java:178)
	at org.hibernate.internal.SessionFactoryImpl.<init>(SessionFactoryImpl.java:521)
	at org.hibernate.cfg.Configuration.buildSessionFactory(Configuration.java:1857)
	at org.hibernate.cfg.Configuration.buildSessionFactory(Configuration.java:1928)
	at br.com.is.utils.HibernateUtil.<clinit>(HibernateUtil.java:24)
	at br.com.is.DAO.Generico.<init>(Generico.java:21)
	at br.com.is.View.Login.jButton1ActionPerformed(Login.java:133)
	at br.com.is.View.Login.access$000(Login.java:24)
	at br.com.is.View.Login$1.actionPerformed(Login.java:70)
	at javax.swing.AbstractButton.fireActionPerformed(AbstractButton.java:2022)
	at javax.swing.AbstractButton$Handler.actionPerformed(AbstractButton.java:2348)
	at javax.swing.DefaultButtonModel.fireActionPerformed(DefaultButtonModel.java:402)
	at javax.swing.DefaultButtonModel.setPressed(DefaultButtonModel.java:259)
	at javax.swing.plaf.basic.BasicButtonListener.mouseReleased(BasicButtonListener.java:252)
	at java.awt.Component.processMouseEvent(Component.java:6533)
	at javax.swing.JComponent.processMouseEvent(JComponent.java:3324)
	at java.awt.Component.processEvent(Component.java:6298)
	at java.awt.Container.processEvent(Container.java:2236)
	at java.awt.Component.dispatchEventImpl(Component.java:4889)
	at java.awt.Container.dispatchEventImpl(Container.java:2294)
	at java.awt.Component.dispatchEvent(Component.java:4711)
	at java.awt.LightweightDispatcher.retargetMouseEvent(Container.java:4888)
	at java.awt.LightweightDispatcher.processMouseEvent(Container.java:4525)
	at java.awt.LightweightDispatcher.dispatchEvent(Container.java:4466)
	at java.awt.Container.dispatchEventImpl(Container.java:2280)
	at java.awt.Window.dispatchEventImpl(Window.java:2746)
	at java.awt.Component.dispatchEvent(Component.java:4711)
	at java.awt.EventQueue.dispatchEventImpl(EventQueue.java:758)
	at java.awt.EventQueue.access$500(EventQueue.java:97)
	at java.awt.EventQueue$3.run(EventQueue.java:709)
	at java.awt.EventQueue$3.run(EventQueue.java:703)
	at java.security.AccessController.doPrivileged(Native Method)
	at java.security.ProtectionDomain$JavaSecurityAccessImpl.doIntersectionPrivilege(ProtectionDomain.java:80)
	at java.security.ProtectionDomain$JavaSecurityAccessImpl.doIntersectionPrivilege(ProtectionDomain.java:90)
	at java.awt.EventQueue$4.run(EventQueue.java:731)
	at java.awt.EventQueue$4.run(EventQueue.java:729)
	at java.security.AccessController.doPrivileged(Native Method)
	at java.security.ProtectionDomain$JavaSecurityAccessImpl.doIntersectionPrivilege(ProtectionDomain.java:80)
	at java.awt.EventQueue.dispatchEvent(EventQueue.java:728)
	at java.awt.EventDispatchThread.pumpOneEventForFilters(EventDispatchThread.java:201)
	at java.awt.EventDispatchThread.pumpEventsForFilter(EventDispatchThread.java:116)
	at java.awt.EventDispatchThread.pumpEventsForHierarchy(EventDispatchThread.java:105)
	at java.awt.EventDispatchThread.pumpEvents(EventDispatchThread.java:101)
	at java.awt.EventDispatchThread.pumpEvents(EventDispatchThread.java:93)
	at java.awt.EventDispatchThread.run(EventDispatchThread.java:82)
07-12-2017 21:59:36  WARN [AWT-EventQueue-0] (DTDEntityResolver.java:75) - HHH000223: Recognized obsolete hibernate namespace http://hibernate.sourceforge.net/. Use namespace http://www.hibernate.org/dtd/ instead. Refer to Hibernate 3.6 Migration Guide!
07-12-2017 21:59:37  WARN [AWT-EventQueue-0] (DriverManagerConnectionProviderImpl.java:93) - HHH000402: Using Hibernate built-in connection pool (not for production use!)
07-12-2017 21:59:37  WARN [AWT-EventQueue-0] (SqlExceptionHelper.java:144) - SQL Error: 0, SQLState: 42703
07-12-2017 21:59:37 ERROR [AWT-EventQueue-0] (SqlExceptionHelper.java:146) - ERROR: column am.amcanorder does not exist
  Posição: 407
07-12-2017 21:59:37 ERROR [AWT-EventQueue-0] (SchemaUpdate.java:247) - HHH000299: Could not complete schema update
java.lang.NullPointerException
	at org.hibernate.engine.jdbc.spi.SqlExceptionHelper.convert(SqlExceptionHelper.java:126)
	at org.hibernate.engine.jdbc.spi.SqlExceptionHelper.convert(SqlExceptionHelper.java:112)
	at org.hibernate.tool.hbm2ddl.DatabaseMetadata.getTableMetadata(DatabaseMetadata.java:156)
	at org.hibernate.cfg.Configuration.generateSchemaUpdateScriptList(Configuration.java:1202)
	at org.hibernate.tool.hbm2ddl.SchemaUpdate.execute(SchemaUpdate.java:212)
	at org.hibernate.tool.hbm2ddl.SchemaUpdate.execute(SchemaUpdate.java:178)
	at org.hibernate.internal.SessionFactoryImpl.<init>(SessionFactoryImpl.java:521)
	at org.hibernate.cfg.Configuration.buildSessionFactory(Configuration.java:1857)
	at org.hibernate.cfg.Configuration.buildSessionFactory(Configuration.java:1928)
	at br.com.is.utils.HibernateUtil.<clinit>(HibernateUtil.java:24)
	at br.com.is.DAO.Generico.<init>(Generico.java:21)
	at br.com.is.View.Login.jButton1ActionPerformed(Login.java:133)
	at br.com.is.View.Login.access$000(Login.java:24)
	at br.com.is.View.Login$1.actionPerformed(Login.java:70)
	at javax.swing.AbstractButton.fireActionPerformed(AbstractButton.java:2022)
	at javax.swing.AbstractButton$Handler.actionPerformed(AbstractButton.java:2348)
	at javax.swing.DefaultButtonModel.fireActionPerformed(DefaultButtonModel.java:402)
	at javax.swing.DefaultButtonModel.setPressed(DefaultButtonModel.java:259)
	at javax.swing.plaf.basic.BasicButtonListener.mouseReleased(BasicButtonListener.java:252)
	at java.awt.Component.processMouseEvent(Component.java:6533)
	at javax.swing.JComponent.processMouseEvent(JComponent.java:3324)
	at java.awt.Component.processEvent(Component.java:6298)
	at java.awt.Container.processEvent(Container.java:2236)
	at java.awt.Component.dispatchEventImpl(Component.java:4889)
	at java.awt.Container.dispatchEventImpl(Container.java:2294)
	at java.awt.Component.dispatchEvent(Component.java:4711)
	at java.awt.LightweightDispatcher.retargetMouseEvent(Container.java:4888)
	at java.awt.LightweightDispatcher.processMouseEvent(Container.java:4525)
	at java.awt.LightweightDispatcher.dispatchEvent(Container.java:4466)
	at java.awt.Container.dispatchEventImpl(Container.java:2280)
	at java.awt.Window.dispatchEventImpl(Window.java:2746)
	at java.awt.Component.dispatchEvent(Component.java:4711)
	at java.awt.EventQueue.dispatchEventImpl(EventQueue.java:758)
	at java.awt.EventQueue.access$500(EventQueue.java:97)
	at java.awt.EventQueue$3.run(EventQueue.java:709)
	at java.awt.EventQueue$3.run(EventQueue.java:703)
	at java.security.AccessController.doPrivileged(Native Method)
	at java.security.ProtectionDomain$JavaSecurityAccessImpl.doIntersectionPrivilege(ProtectionDomain.java:80)
	at java.security.ProtectionDomain$JavaSecurityAccessImpl.doIntersectionPrivilege(ProtectionDomain.java:90)
	at java.awt.EventQueue$4.run(EventQueue.java:731)
	at java.awt.EventQueue$4.run(EventQueue.java:729)
	at java.security.AccessController.doPrivileged(Native Method)
	at java.security.ProtectionDomain$JavaSecurityAccessImpl.doIntersectionPrivilege(ProtectionDomain.java:80)
	at java.awt.EventQueue.dispatchEvent(EventQueue.java:728)
	at java.awt.EventDispatchThread.pumpOneEventForFilters(EventDispatchThread.java:201)
	at java.awt.EventDispatchThread.pumpEventsForFilter(EventDispatchThread.java:116)
	at java.awt.EventDispatchThread.pumpEventsForHierarchy(EventDispatchThread.java:105)
	at java.awt.EventDispatchThread.pumpEvents(EventDispatchThread.java:101)
	at java.awt.EventDispatchThread.pumpEvents(EventDispatchThread.java:93)
	at java.awt.EventDispatchThread.run(EventDispatchThread.java:82)
07-12-2017 22:02:51  WARN [AWT-EventQueue-0] (DTDEntityResolver.java:75) - HHH000223: Recognized obsolete hibernate namespace http://hibernate.sourceforge.net/. Use namespace http://www.hibernate.org/dtd/ instead. Refer to Hibernate 3.6 Migration Guide!
07-12-2017 22:02:51  WARN [AWT-EventQueue-0] (DriverManagerConnectionProviderImpl.java:93) - HHH000402: Using Hibernate built-in connection pool (not for production use!)
07-12-2017 22:02:52  WARN [AWT-EventQueue-0] (SqlExceptionHelper.java:144) - SQL Error: 0, SQLState: 42703
07-12-2017 22:02:52 ERROR [AWT-EventQueue-0] (SqlExceptionHelper.java:146) - ERROR: column am.amcanorder does not exist
  Posição: 407
07-12-2017 22:02:52 ERROR [AWT-EventQueue-0] (SchemaUpdate.java:247) - HHH000299: Could not complete schema update
java.lang.NullPointerException
	at org.hibernate.engine.jdbc.spi.SqlExceptionHelper.convert(SqlExceptionHelper.java:126)
	at org.hibernate.engine.jdbc.spi.SqlExceptionHelper.convert(SqlExceptionHelper.java:112)
	at org.hibernate.tool.hbm2ddl.DatabaseMetadata.getTableMetadata(DatabaseMetadata.java:156)
	at org.hibernate.cfg.Configuration.generateSchemaUpdateScriptList(Configuration.java:1202)
	at org.hibernate.tool.hbm2ddl.SchemaUpdate.execute(SchemaUpdate.java:212)
	at org.hibernate.tool.hbm2ddl.SchemaUpdate.execute(SchemaUpdate.java:178)
	at org.hibernate.internal.SessionFactoryImpl.<init>(SessionFactoryImpl.java:521)
	at org.hibernate.cfg.Configuration.buildSessionFactory(Configuration.java:1857)
	at org.hibernate.cfg.Configuration.buildSessionFactory(Configuration.java:1928)
	at br.com.is.utils.HibernateUtil.<clinit>(HibernateUtil.java:24)
	at br.com.is.DAO.Generico.<init>(Generico.java:21)
	at br.com.is.View.Login.jButton1ActionPerformed(Login.java:133)
	at br.com.is.View.Login.access$000(Login.java:24)
	at br.com.is.View.Login$1.actionPerformed(Login.java:70)
	at javax.swing.AbstractButton.fireActionPerformed(AbstractButton.java:2022)
	at javax.swing.AbstractButton$Handler.actionPerformed(AbstractButton.java:2348)
	at javax.swing.DefaultButtonModel.fireActionPerformed(DefaultButtonModel.java:402)
	at javax.swing.DefaultButtonModel.setPressed(DefaultButtonModel.java:259)
	at javax.swing.plaf.basic.BasicButtonListener.mouseReleased(BasicButtonListener.java:252)
	at java.awt.Component.processMouseEvent(Component.java:6533)
	at javax.swing.JComponent.processMouseEvent(JComponent.java:3324)
	at java.awt.Component.processEvent(Component.java:6298)
	at java.awt.Container.processEvent(Container.java:2236)
	at java.awt.Component.dispatchEventImpl(Component.java:4889)
	at java.awt.Container.dispatchEventImpl(Container.java:2294)
	at java.awt.Component.dispatchEvent(Component.java:4711)
	at java.awt.LightweightDispatcher.retargetMouseEvent(Container.java:4888)
	at java.awt.LightweightDispatcher.processMouseEvent(Container.java:4525)
	at java.awt.LightweightDispatcher.dispatchEvent(Container.java:4466)
	at java.awt.Container.dispatchEventImpl(Container.java:2280)
	at java.awt.Window.dispatchEventImpl(Window.java:2746)
	at java.awt.Component.dispatchEvent(Component.java:4711)
	at java.awt.EventQueue.dispatchEventImpl(EventQueue.java:758)
	at java.awt.EventQueue.access$500(EventQueue.java:97)
	at java.awt.EventQueue$3.run(EventQueue.java:709)
	at java.awt.EventQueue$3.run(EventQueue.java:703)
	at java.security.AccessController.doPrivileged(Native Method)
	at java.security.ProtectionDomain$JavaSecurityAccessImpl.doIntersectionPrivilege(ProtectionDomain.java:80)
	at java.security.ProtectionDomain$JavaSecurityAccessImpl.doIntersectionPrivilege(ProtectionDomain.java:90)
	at java.awt.EventQueue$4.run(EventQueue.java:731)
	at java.awt.EventQueue$4.run(EventQueue.java:729)
	at java.security.AccessController.doPrivileged(Native Method)
	at java.security.ProtectionDomain$JavaSecurityAccessImpl.doIntersectionPrivilege(ProtectionDomain.java:80)
	at java.awt.EventQueue.dispatchEvent(EventQueue.java:728)
	at java.awt.EventDispatchThread.pumpOneEventForFilters(EventDispatchThread.java:201)
	at java.awt.EventDispatchThread.pumpEventsForFilter(EventDispatchThread.java:116)
	at java.awt.EventDispatchThread.pumpEventsForHierarchy(EventDispatchThread.java:105)
	at java.awt.EventDispatchThread.pumpEvents(EventDispatchThread.java:101)
	at java.awt.EventDispatchThread.pumpEvents(EventDispatchThread.java:93)
	at java.awt.EventDispatchThread.run(EventDispatchThread.java:82)
07-12-2017 22:07:11  WARN [AWT-EventQueue-0] (DTDEntityResolver.java:75) - HHH000223: Recognized obsolete hibernate namespace http://hibernate.sourceforge.net/. Use namespace http://www.hibernate.org/dtd/ instead. Refer to Hibernate 3.6 Migration Guide!
07-12-2017 22:07:11  WARN [AWT-EventQueue-0] (DriverManagerConnectionProviderImpl.java:93) - HHH000402: Using Hibernate built-in connection pool (not for production use!)
07-12-2017 22:07:12  WARN [AWT-EventQueue-0] (SqlExceptionHelper.java:144) - SQL Error: 0, SQLState: 42703
07-12-2017 22:07:12 ERROR [AWT-EventQueue-0] (SqlExceptionHelper.java:146) - ERROR: column am.amcanorder does not exist
  Posição: 407
07-12-2017 22:07:12 ERROR [AWT-EventQueue-0] (SchemaUpdate.java:247) - HHH000299: Could not complete schema update
java.lang.NullPointerException
	at org.hibernate.engine.jdbc.spi.SqlExceptionHelper.convert(SqlExceptionHelper.java:126)
	at org.hibernate.engine.jdbc.spi.SqlExceptionHelper.convert(SqlExceptionHelper.java:112)
	at org.hibernate.tool.hbm2ddl.DatabaseMetadata.getTableMetadata(DatabaseMetadata.java:156)
	at org.hibernate.cfg.Configuration.generateSchemaUpdateScriptList(Configuration.java:1202)
	at org.hibernate.tool.hbm2ddl.SchemaUpdate.execute(SchemaUpdate.java:212)
	at org.hibernate.tool.hbm2ddl.SchemaUpdate.execute(SchemaUpdate.java:178)
	at org.hibernate.internal.SessionFactoryImpl.<init>(SessionFactoryImpl.java:521)
	at org.hibernate.cfg.Configuration.buildSessionFactory(Configuration.java:1857)
	at org.hibernate.cfg.Configuration.buildSessionFactory(Configuration.java:1928)
	at br.com.is.utils.HibernateUtil.<clinit>(HibernateUtil.java:24)
	at br.com.is.DAO.Generico.<init>(Generico.java:21)
	at br.com.is.View.Login.jButton1ActionPerformed(Login.java:133)
	at br.com.is.View.Login.access$000(Login.java:24)
	at br.com.is.View.Login$1.actionPerformed(Login.java:70)
	at javax.swing.AbstractButton.fireActionPerformed(AbstractButton.java:2022)
	at javax.swing.AbstractButton$Handler.actionPerformed(AbstractButton.java:2348)
	at javax.swing.DefaultButtonModel.fireActionPerformed(DefaultButtonModel.java:402)
	at javax.swing.DefaultButtonModel.setPressed(DefaultButtonModel.java:259)
	at javax.swing.plaf.basic.BasicButtonListener.mouseReleased(BasicButtonListener.java:252)
	at java.awt.Component.processMouseEvent(Component.java:6533)
	at javax.swing.JComponent.processMouseEvent(JComponent.java:3324)
	at java.awt.Component.processEvent(Component.java:6298)
	at java.awt.Container.processEvent(Container.java:2236)
	at java.awt.Component.dispatchEventImpl(Component.java:4889)
	at java.awt.Container.dispatchEventImpl(Container.java:2294)
	at java.awt.Component.dispatchEvent(Component.java:4711)
	at java.awt.LightweightDispatcher.retargetMouseEvent(Container.java:4888)
	at java.awt.LightweightDispatcher.processMouseEvent(Container.java:4525)
	at java.awt.LightweightDispatcher.dispatchEvent(Container.java:4466)
	at java.awt.Container.dispatchEventImpl(Container.java:2280)
	at java.awt.Window.dispatchEventImpl(Window.java:2746)
	at java.awt.Component.dispatchEvent(Component.java:4711)
	at java.awt.EventQueue.dispatchEventImpl(EventQueue.java:758)
	at java.awt.EventQueue.access$500(EventQueue.java:97)
	at java.awt.EventQueue$3.run(EventQueue.java:709)
	at java.awt.EventQueue$3.run(EventQueue.java:703)
	at java.security.AccessController.doPrivileged(Native Method)
	at java.security.ProtectionDomain$JavaSecurityAccessImpl.doIntersectionPrivilege(ProtectionDomain.java:80)
	at java.security.ProtectionDomain$JavaSecurityAccessImpl.doIntersectionPrivilege(ProtectionDomain.java:90)
	at java.awt.EventQueue$4.run(EventQueue.java:731)
	at java.awt.EventQueue$4.run(EventQueue.java:729)
	at java.security.AccessController.doPrivileged(Native Method)
	at java.security.ProtectionDomain$JavaSecurityAccessImpl.doIntersectionPrivilege(ProtectionDomain.java:80)
	at java.awt.EventQueue.dispatchEvent(EventQueue.java:728)
	at java.awt.EventDispatchThread.pumpOneEventForFilters(EventDispatchThread.java:201)
	at java.awt.EventDispatchThread.pumpEventsForFilter(EventDispatchThread.java:116)
	at java.awt.EventDispatchThread.pumpEventsForHierarchy(EventDispatchThread.java:105)
	at java.awt.EventDispatchThread.pumpEvents(EventDispatchThread.java:101)
	at java.awt.EventDispatchThread.pumpEvents(EventDispatchThread.java:93)
	at java.awt.EventDispatchThread.run(EventDispatchThread.java:82)
07-12-2017 22:12:18  WARN [AWT-EventQueue-0] (DTDEntityResolver.java:75) - HHH000223: Recognized obsolete hibernate namespace http://hibernate.sourceforge.net/. Use namespace http://www.hibernate.org/dtd/ instead. Refer to Hibernate 3.6 Migration Guide!
07-12-2017 22:12:18  WARN [AWT-EventQueue-0] (DriverManagerConnectionProviderImpl.java:93) - HHH000402: Using Hibernate built-in connection pool (not for production use!)
07-12-2017 22:12:20  WARN [AWT-EventQueue-0] (SqlExceptionHelper.java:144) - SQL Error: 0, SQLState: 42703
07-12-2017 22:12:20 ERROR [AWT-EventQueue-0] (SqlExceptionHelper.java:146) - ERROR: column am.amcanorder does not exist
  Posição: 407
07-12-2017 22:12:20 ERROR [AWT-EventQueue-0] (SchemaUpdate.java:247) - HHH000299: Could not complete schema update
java.lang.NullPointerException
	at org.hibernate.engine.jdbc.spi.SqlExceptionHelper.convert(SqlExceptionHelper.java:126)
	at org.hibernate.engine.jdbc.spi.SqlExceptionHelper.convert(SqlExceptionHelper.java:112)
	at org.hibernate.tool.hbm2ddl.DatabaseMetadata.getTableMetadata(DatabaseMetadata.java:156)
	at org.hibernate.cfg.Configuration.generateSchemaUpdateScriptList(Configuration.java:1202)
	at org.hibernate.tool.hbm2ddl.SchemaUpdate.execute(SchemaUpdate.java:212)
	at org.hibernate.tool.hbm2ddl.SchemaUpdate.execute(SchemaUpdate.java:178)
	at org.hibernate.internal.SessionFactoryImpl.<init>(SessionFactoryImpl.java:521)
	at org.hibernate.cfg.Configuration.buildSessionFactory(Configuration.java:1857)
	at org.hibernate.cfg.Configuration.buildSessionFactory(Configuration.java:1928)
	at br.com.is.utils.HibernateUtil.<clinit>(HibernateUtil.java:24)
	at br.com.is.DAO.Generico.<init>(Generico.java:21)
	at br.com.is.View.Login.jButton1ActionPerformed(Login.java:133)
	at br.com.is.View.Login.access$000(Login.java:24)
	at br.com.is.View.Login$1.actionPerformed(Login.java:70)
	at javax.swing.AbstractButton.fireActionPerformed(AbstractButton.java:2022)
	at javax.swing.AbstractButton$Handler.actionPerformed(AbstractButton.java:2348)
	at javax.swing.DefaultButtonModel.fireActionPerformed(DefaultButtonModel.java:402)
	at javax.swing.DefaultButtonModel.setPressed(DefaultButtonModel.java:259)
	at javax.swing.plaf.basic.BasicButtonListener.mouseReleased(BasicButtonListener.java:252)
	at java.awt.Component.processMouseEvent(Component.java:6533)
	at javax.swing.JComponent.processMouseEvent(JComponent.java:3324)
	at java.awt.Component.processEvent(Component.java:6298)
	at java.awt.Container.processEvent(Container.java:2236)
	at java.awt.Component.dispatchEventImpl(Component.java:4889)
	at java.awt.Container.dispatchEventImpl(Container.java:2294)
	at java.awt.Component.dispatchEvent(Component.java:4711)
	at java.awt.LightweightDispatcher.retargetMouseEvent(Container.java:4888)
	at java.awt.LightweightDispatcher.processMouseEvent(Container.java:4525)
	at java.awt.LightweightDispatcher.dispatchEvent(Container.java:4466)
	at java.awt.Container.dispatchEventImpl(Container.java:2280)
	at java.awt.Window.dispatchEventImpl(Window.java:2746)
	at java.awt.Component.dispatchEvent(Component.java:4711)
	at java.awt.EventQueue.dispatchEventImpl(EventQueue.java:758)
	at java.awt.EventQueue.access$500(EventQueue.java:97)
	at java.awt.EventQueue$3.run(EventQueue.java:709)
	at java.awt.EventQueue$3.run(EventQueue.java:703)
	at java.security.AccessController.doPrivileged(Native Method)
	at java.security.ProtectionDomain$JavaSecurityAccessImpl.doIntersectionPrivilege(ProtectionDomain.java:80)
	at java.security.ProtectionDomain$JavaSecurityAccessImpl.doIntersectionPrivilege(ProtectionDomain.java:90)
	at java.awt.EventQueue$4.run(EventQueue.java:731)
	at java.awt.EventQueue$4.run(EventQueue.java:729)
	at java.security.AccessController.doPrivileged(Native Method)
	at java.security.ProtectionDomain$JavaSecurityAccessImpl.doIntersectionPrivilege(ProtectionDomain.java:80)
	at java.awt.EventQueue.dispatchEvent(EventQueue.java:728)
	at java.awt.EventDispatchThread.pumpOneEventForFilters(EventDispatchThread.java:201)
	at java.awt.EventDispatchThread.pumpEventsForFilter(EventDispatchThread.java:116)
	at java.awt.EventDispatchThread.pumpEventsForHierarchy(EventDispatchThread.java:105)
	at java.awt.EventDispatchThread.pumpEvents(EventDispatchThread.java:101)
	at java.awt.EventDispatchThread.pumpEvents(EventDispatchThread.java:93)
	at java.awt.EventDispatchThread.run(EventDispatchThread.java:82)
07-12-2017 22:20:12  WARN [AWT-EventQueue-0] (DTDEntityResolver.java:75) - HHH000223: Recognized obsolete hibernate namespace http://hibernate.sourceforge.net/. Use namespace http://www.hibernate.org/dtd/ instead. Refer to Hibernate 3.6 Migration Guide!
07-12-2017 22:20:12  WARN [AWT-EventQueue-0] (DriverManagerConnectionProviderImpl.java:93) - HHH000402: Using Hibernate built-in connection pool (not for production use!)
07-12-2017 22:20:13  WARN [AWT-EventQueue-0] (SqlExceptionHelper.java:144) - SQL Error: 0, SQLState: 42703
07-12-2017 22:20:13 ERROR [AWT-EventQueue-0] (SqlExceptionHelper.java:146) - ERROR: column am.amcanorder does not exist
  Posição: 407
07-12-2017 22:20:13 ERROR [AWT-EventQueue-0] (SchemaUpdate.java:247) - HHH000299: Could not complete schema update
java.lang.NullPointerException
	at org.hibernate.engine.jdbc.spi.SqlExceptionHelper.convert(SqlExceptionHelper.java:126)
	at org.hibernate.engine.jdbc.spi.SqlExceptionHelper.convert(SqlExceptionHelper.java:112)
	at org.hibernate.tool.hbm2ddl.DatabaseMetadata.getTableMetadata(DatabaseMetadata.java:156)
	at org.hibernate.cfg.Configuration.generateSchemaUpdateScriptList(Configuration.java:1202)
	at org.hibernate.tool.hbm2ddl.SchemaUpdate.execute(SchemaUpdate.java:212)
	at org.hibernate.tool.hbm2ddl.SchemaUpdate.execute(SchemaUpdate.java:178)
	at org.hibernate.internal.SessionFactoryImpl.<init>(SessionFactoryImpl.java:521)
	at org.hibernate.cfg.Configuration.buildSessionFactory(Configuration.java:1857)
	at org.hibernate.cfg.Configuration.buildSessionFactory(Configuration.java:1928)
	at br.com.is.utils.HibernateUtil.<clinit>(HibernateUtil.java:24)
	at br.com.is.DAO.Generico.<init>(Generico.java:21)
	at br.com.is.View.Login.jButton1ActionPerformed(Login.java:133)
	at br.com.is.View.Login.access$000(Login.java:24)
	at br.com.is.View.Login$1.actionPerformed(Login.java:70)
	at javax.swing.AbstractButton.fireActionPerformed(AbstractButton.java:2022)
	at javax.swing.AbstractButton$Handler.actionPerformed(AbstractButton.java:2348)
	at javax.swing.DefaultButtonModel.fireActionPerformed(DefaultButtonModel.java:402)
	at javax.swing.DefaultButtonModel.setPressed(DefaultButtonModel.java:259)
	at javax.swing.plaf.basic.BasicButtonListener.mouseReleased(BasicButtonListener.java:252)
	at java.awt.Component.processMouseEvent(Component.java:6533)
	at javax.swing.JComponent.processMouseEvent(JComponent.java:3324)
	at java.awt.Component.processEvent(Component.java:6298)
	at java.awt.Container.processEvent(Container.java:2236)
	at java.awt.Component.dispatchEventImpl(Component.java:4889)
	at java.awt.Container.dispatchEventImpl(Container.java:2294)
	at java.awt.Component.dispatchEvent(Component.java:4711)
	at java.awt.LightweightDispatcher.retargetMouseEvent(Container.java:4888)
	at java.awt.LightweightDispatcher.processMouseEvent(Container.java:4525)
	at java.awt.LightweightDispatcher.dispatchEvent(Container.java:4466)
	at java.awt.Container.dispatchEventImpl(Container.java:2280)
	at java.awt.Window.dispatchEventImpl(Window.java:2746)
	at java.awt.Component.dispatchEvent(Component.java:4711)
	at java.awt.EventQueue.dispatchEventImpl(EventQueue.java:758)
	at java.awt.EventQueue.access$500(EventQueue.java:97)
	at java.awt.EventQueue$3.run(EventQueue.java:709)
	at java.awt.EventQueue$3.run(EventQueue.java:703)
	at java.security.AccessController.doPrivileged(Native Method)
	at java.security.ProtectionDomain$JavaSecurityAccessImpl.doIntersectionPrivilege(ProtectionDomain.java:80)
	at java.security.ProtectionDomain$JavaSecurityAccessImpl.doIntersectionPrivilege(ProtectionDomain.java:90)
	at java.awt.EventQueue$4.run(EventQueue.java:731)
	at java.awt.EventQueue$4.run(EventQueue.java:729)
	at java.security.AccessController.doPrivileged(Native Method)
	at java.security.ProtectionDomain$JavaSecurityAccessImpl.doIntersectionPrivilege(ProtectionDomain.java:80)
	at java.awt.EventQueue.dispatchEvent(EventQueue.java:728)
	at java.awt.EventDispatchThread.pumpOneEventForFilters(EventDispatchThread.java:201)
	at java.awt.EventDispatchThread.pumpEventsForFilter(EventDispatchThread.java:116)
	at java.awt.EventDispatchThread.pumpEventsForHierarchy(EventDispatchThread.java:105)
	at java.awt.EventDispatchThread.pumpEvents(EventDispatchThread.java:101)
	at java.awt.EventDispatchThread.pumpEvents(EventDispatchThread.java:93)
	at java.awt.EventDispatchThread.run(EventDispatchThread.java:82)
07-12-2017 22:27:13  WARN [AWT-EventQueue-0] (DTDEntityResolver.java:75) - HHH000223: Recognized obsolete hibernate namespace http://hibernate.sourceforge.net/. Use namespace http://www.hibernate.org/dtd/ instead. Refer to Hibernate 3.6 Migration Guide!
07-12-2017 22:27:13  WARN [AWT-EventQueue-0] (DriverManagerConnectionProviderImpl.java:93) - HHH000402: Using Hibernate built-in connection pool (not for production use!)
07-12-2017 22:27:13  WARN [AWT-EventQueue-0] (SqlExceptionHelper.java:144) - SQL Error: 0, SQLState: 42703
07-12-2017 22:27:13 ERROR [AWT-EventQueue-0] (SqlExceptionHelper.java:146) - ERROR: column am.amcanorder does not exist
  Posição: 407
07-12-2017 22:27:13 ERROR [AWT-EventQueue-0] (SchemaUpdate.java:247) - HHH000299: Could not complete schema update
java.lang.NullPointerException
	at org.hibernate.engine.jdbc.spi.SqlExceptionHelper.convert(SqlExceptionHelper.java:126)
	at org.hibernate.engine.jdbc.spi.SqlExceptionHelper.convert(SqlExceptionHelper.java:112)
	at org.hibernate.tool.hbm2ddl.DatabaseMetadata.getTableMetadata(DatabaseMetadata.java:156)
	at org.hibernate.cfg.Configuration.generateSchemaUpdateScriptList(Configuration.java:1202)
	at org.hibernate.tool.hbm2ddl.SchemaUpdate.execute(SchemaUpdate.java:212)
	at org.hibernate.tool.hbm2ddl.SchemaUpdate.execute(SchemaUpdate.java:178)
	at org.hibernate.internal.SessionFactoryImpl.<init>(SessionFactoryImpl.java:521)
	at org.hibernate.cfg.Configuration.buildSessionFactory(Configuration.java:1857)
	at org.hibernate.cfg.Configuration.buildSessionFactory(Configuration.java:1928)
	at br.com.is.utils.HibernateUtil.<clinit>(HibernateUtil.java:24)
	at br.com.is.DAO.Generico.<init>(Generico.java:21)
	at br.com.is.View.Login.jButton1ActionPerformed(Login.java:133)
	at br.com.is.View.Login.access$000(Login.java:24)
	at br.com.is.View.Login$1.actionPerformed(Login.java:70)
	at javax.swing.AbstractButton.fireActionPerformed(AbstractButton.java:2022)
	at javax.swing.AbstractButton$Handler.actionPerformed(AbstractButton.java:2348)
	at javax.swing.DefaultButtonModel.fireActionPerformed(DefaultButtonModel.java:402)
	at javax.swing.DefaultButtonModel.setPressed(DefaultButtonModel.java:259)
	at javax.swing.plaf.basic.BasicButtonListener.mouseReleased(BasicButtonListener.java:252)
	at java.awt.Component.processMouseEvent(Component.java:6533)
	at javax.swing.JComponent.processMouseEvent(JComponent.java:3324)
	at java.awt.Component.processEvent(Component.java:6298)
	at java.awt.Container.processEvent(Container.java:2236)
	at java.awt.Component.dispatchEventImpl(Component.java:4889)
	at java.awt.Container.dispatchEventImpl(Container.java:2294)
	at java.awt.Component.dispatchEvent(Component.java:4711)
	at java.awt.LightweightDispatcher.retargetMouseEvent(Container.java:4888)
	at java.awt.LightweightDispatcher.processMouseEvent(Container.java:4525)
	at java.awt.LightweightDispatcher.dispatchEvent(Container.java:4466)
	at java.awt.Container.dispatchEventImpl(Container.java:2280)
	at java.awt.Window.dispatchEventImpl(Window.java:2746)
	at java.awt.Component.dispatchEvent(Component.java:4711)
	at java.awt.EventQueue.dispatchEventImpl(EventQueue.java:758)
	at java.awt.EventQueue.access$500(EventQueue.java:97)
	at java.awt.EventQueue$3.run(EventQueue.java:709)
	at java.awt.EventQueue$3.run(EventQueue.java:703)
	at java.security.AccessController.doPrivileged(Native Method)
	at java.security.ProtectionDomain$JavaSecurityAccessImpl.doIntersectionPrivilege(ProtectionDomain.java:80)
	at java.security.ProtectionDomain$JavaSecurityAccessImpl.doIntersectionPrivilege(ProtectionDomain.java:90)
	at java.awt.EventQueue$4.run(EventQueue.java:731)
	at java.awt.EventQueue$4.run(EventQueue.java:729)
	at java.security.AccessController.doPrivileged(Native Method)
	at java.security.ProtectionDomain$JavaSecurityAccessImpl.doIntersectionPrivilege(ProtectionDomain.java:80)
	at java.awt.EventQueue.dispatchEvent(EventQueue.java:728)
	at java.awt.EventDispatchThread.pumpOneEventForFilters(EventDispatchThread.java:201)
	at java.awt.EventDispatchThread.pumpEventsForFilter(EventDispatchThread.java:116)
	at java.awt.EventDispatchThread.pumpEventsForHierarchy(EventDispatchThread.java:105)
	at java.awt.EventDispatchThread.pumpEvents(EventDispatchThread.java:101)
	at java.awt.EventDispatchThread.pumpEvents(EventDispatchThread.java:93)
	at java.awt.EventDispatchThread.run(EventDispatchThread.java:82)
07-12-2017 22:30:04  WARN [AWT-EventQueue-0] (DTDEntityResolver.java:75) - HHH000223: Recognized obsolete hibernate namespace http://hibernate.sourceforge.net/. Use namespace http://www.hibernate.org/dtd/ instead. Refer to Hibernate 3.6 Migration Guide!
07-12-2017 22:30:04  WARN [AWT-EventQueue-0] (DriverManagerConnectionProviderImpl.java:93) - HHH000402: Using Hibernate built-in connection pool (not for production use!)
07-12-2017 22:30:05  WARN [AWT-EventQueue-0] (SqlExceptionHelper.java:144) - SQL Error: 0, SQLState: 42703
07-12-2017 22:30:05 ERROR [AWT-EventQueue-0] (SqlExceptionHelper.java:146) - ERROR: column am.amcanorder does not exist
  Posição: 407
07-12-2017 22:30:05 ERROR [AWT-EventQueue-0] (SchemaUpdate.java:247) - HHH000299: Could not complete schema update
java.lang.NullPointerException
	at org.hibernate.engine.jdbc.spi.SqlExceptionHelper.convert(SqlExceptionHelper.java:126)
	at org.hibernate.engine.jdbc.spi.SqlExceptionHelper.convert(SqlExceptionHelper.java:112)
	at org.hibernate.tool.hbm2ddl.DatabaseMetadata.getTableMetadata(DatabaseMetadata.java:156)
	at org.hibernate.cfg.Configuration.generateSchemaUpdateScriptList(Configuration.java:1202)
	at org.hibernate.tool.hbm2ddl.SchemaUpdate.execute(SchemaUpdate.java:212)
	at org.hibernate.tool.hbm2ddl.SchemaUpdate.execute(SchemaUpdate.java:178)
	at org.hibernate.internal.SessionFactoryImpl.<init>(SessionFactoryImpl.java:521)
	at org.hibernate.cfg.Configuration.buildSessionFactory(Configuration.java:1857)
	at org.hibernate.cfg.Configuration.buildSessionFactory(Configuration.java:1928)
	at br.com.is.utils.HibernateUtil.<clinit>(HibernateUtil.java:24)
	at br.com.is.DAO.Generico.<init>(Generico.java:23)
	at br.com.is.View.Login.jButton1ActionPerformed(Login.java:133)
	at br.com.is.View.Login.access$000(Login.java:24)
	at br.com.is.View.Login$1.actionPerformed(Login.java:70)
	at javax.swing.AbstractButton.fireActionPerformed(AbstractButton.java:2022)
	at javax.swing.AbstractButton$Handler.actionPerformed(AbstractButton.java:2348)
	at javax.swing.DefaultButtonModel.fireActionPerformed(DefaultButtonModel.java:402)
	at javax.swing.DefaultButtonModel.setPressed(DefaultButtonModel.java:259)
	at javax.swing.plaf.basic.BasicButtonListener.mouseReleased(BasicButtonListener.java:252)
	at java.awt.Component.processMouseEvent(Component.java:6533)
	at javax.swing.JComponent.processMouseEvent(JComponent.java:3324)
	at java.awt.Component.processEvent(Component.java:6298)
	at java.awt.Container.processEvent(Container.java:2236)
	at java.awt.Component.dispatchEventImpl(Component.java:4889)
	at java.awt.Container.dispatchEventImpl(Container.java:2294)
	at java.awt.Component.dispatchEvent(Component.java:4711)
	at java.awt.LightweightDispatcher.retargetMouseEvent(Container.java:4888)
	at java.awt.LightweightDispatcher.processMouseEvent(Container.java:4525)
	at java.awt.LightweightDispatcher.dispatchEvent(Container.java:4466)
	at java.awt.Container.dispatchEventImpl(Container.java:2280)
	at java.awt.Window.dispatchEventImpl(Window.java:2746)
	at java.awt.Component.dispatchEvent(Component.java:4711)
	at java.awt.EventQueue.dispatchEventImpl(EventQueue.java:758)
	at java.awt.EventQueue.access$500(EventQueue.java:97)
	at java.awt.EventQueue$3.run(EventQueue.java:709)
	at java.awt.EventQueue$3.run(EventQueue.java:703)
	at java.security.AccessController.doPrivileged(Native Method)
	at java.security.ProtectionDomain$JavaSecurityAccessImpl.doIntersectionPrivilege(ProtectionDomain.java:80)
	at java.security.ProtectionDomain$JavaSecurityAccessImpl.doIntersectionPrivilege(ProtectionDomain.java:90)
	at java.awt.EventQueue$4.run(EventQueue.java:731)
	at java.awt.EventQueue$4.run(EventQueue.java:729)
	at java.security.AccessController.doPrivileged(Native Method)
	at java.security.ProtectionDomain$JavaSecurityAccessImpl.doIntersectionPrivilege(ProtectionDomain.java:80)
	at java.awt.EventQueue.dispatchEvent(EventQueue.java:728)
	at java.awt.EventDispatchThread.pumpOneEventForFilters(EventDispatchThread.java:201)
	at java.awt.EventDispatchThread.pumpEventsForFilter(EventDispatchThread.java:116)
	at java.awt.EventDispatchThread.pumpEventsForHierarchy(EventDispatchThread.java:105)
	at java.awt.EventDispatchThread.pumpEvents(EventDispatchThread.java:101)
	at java.awt.EventDispatchThread.pumpEvents(EventDispatchThread.java:93)
	at java.awt.EventDispatchThread.run(EventDispatchThread.java:82)
07-12-2017 22:34:25  WARN [AWT-EventQueue-0] (DTDEntityResolver.java:75) - HHH000223: Recognized obsolete hibernate namespace http://hibernate.sourceforge.net/. Use namespace http://www.hibernate.org/dtd/ instead. Refer to Hibernate 3.6 Migration Guide!
07-12-2017 22:34:25  WARN [AWT-EventQueue-0] (DriverManagerConnectionProviderImpl.java:93) - HHH000402: Using Hibernate built-in connection pool (not for production use!)
07-12-2017 22:34:26  WARN [AWT-EventQueue-0] (SqlExceptionHelper.java:144) - SQL Error: 0, SQLState: 42703
07-12-2017 22:34:26 ERROR [AWT-EventQueue-0] (SqlExceptionHelper.java:146) - ERROR: column am.amcanorder does not exist
  Posição: 407
07-12-2017 22:34:26 ERROR [AWT-EventQueue-0] (SchemaUpdate.java:247) - HHH000299: Could not complete schema update
java.lang.NullPointerException
	at org.hibernate.engine.jdbc.spi.SqlExceptionHelper.convert(SqlExceptionHelper.java:126)
	at org.hibernate.engine.jdbc.spi.SqlExceptionHelper.convert(SqlExceptionHelper.java:112)
	at org.hibernate.tool.hbm2ddl.DatabaseMetadata.getTableMetadata(DatabaseMetadata.java:156)
	at org.hibernate.cfg.Configuration.generateSchemaUpdateScriptList(Configuration.java:1202)
	at org.hibernate.tool.hbm2ddl.SchemaUpdate.execute(SchemaUpdate.java:212)
	at org.hibernate.tool.hbm2ddl.SchemaUpdate.execute(SchemaUpdate.java:178)
	at org.hibernate.internal.SessionFactoryImpl.<init>(SessionFactoryImpl.java:521)
	at org.hibernate.cfg.Configuration.buildSessionFactory(Configuration.java:1857)
	at org.hibernate.cfg.Configuration.buildSessionFactory(Configuration.java:1928)
	at br.com.is.utils.HibernateUtil.<clinit>(HibernateUtil.java:24)
	at br.com.is.DAO.Generico.<init>(Generico.java:23)
	at br.com.is.View.Login.jButton1ActionPerformed(Login.java:133)
	at br.com.is.View.Login.access$000(Login.java:24)
	at br.com.is.View.Login$1.actionPerformed(Login.java:70)
	at javax.swing.AbstractButton.fireActionPerformed(AbstractButton.java:2022)
	at javax.swing.AbstractButton$Handler.actionPerformed(AbstractButton.java:2348)
	at javax.swing.DefaultButtonModel.fireActionPerformed(DefaultButtonModel.java:402)
	at javax.swing.DefaultButtonModel.setPressed(DefaultButtonModel.java:259)
	at javax.swing.plaf.basic.BasicButtonListener.mouseReleased(BasicButtonListener.java:252)
	at java.awt.Component.processMouseEvent(Component.java:6533)
	at javax.swing.JComponent.processMouseEvent(JComponent.java:3324)
	at java.awt.Component.processEvent(Component.java:6298)
	at java.awt.Container.processEvent(Container.java:2236)
	at java.awt.Component.dispatchEventImpl(Component.java:4889)
	at java.awt.Container.dispatchEventImpl(Container.java:2294)
	at java.awt.Component.dispatchEvent(Component.java:4711)
	at java.awt.LightweightDispatcher.retargetMouseEvent(Container.java:4888)
	at java.awt.LightweightDispatcher.processMouseEvent(Container.java:4525)
	at java.awt.LightweightDispatcher.dispatchEvent(Container.java:4466)
	at java.awt.Container.dispatchEventImpl(Container.java:2280)
	at java.awt.Window.dispatchEventImpl(Window.java:2746)
	at java.awt.Component.dispatchEvent(Component.java:4711)
	at java.awt.EventQueue.dispatchEventImpl(EventQueue.java:758)
	at java.awt.EventQueue.access$500(EventQueue.java:97)
	at java.awt.EventQueue$3.run(EventQueue.java:709)
	at java.awt.EventQueue$3.run(EventQueue.java:703)
	at java.security.AccessController.doPrivileged(Native Method)
	at java.security.ProtectionDomain$JavaSecurityAccessImpl.doIntersectionPrivilege(ProtectionDomain.java:80)
	at java.security.ProtectionDomain$JavaSecurityAccessImpl.doIntersectionPrivilege(ProtectionDomain.java:90)
	at java.awt.EventQueue$4.run(EventQueue.java:731)
	at java.awt.EventQueue$4.run(EventQueue.java:729)
	at java.security.AccessController.doPrivileged(Native Method)
	at java.security.ProtectionDomain$JavaSecurityAccessImpl.doIntersectionPrivilege(ProtectionDomain.java:80)
	at java.awt.EventQueue.dispatchEvent(EventQueue.java:728)
	at java.awt.EventDispatchThread.pumpOneEventForFilters(EventDispatchThread.java:201)
	at java.awt.EventDispatchThread.pumpEventsForFilter(EventDispatchThread.java:116)
	at java.awt.EventDispatchThread.pumpEventsForHierarchy(EventDispatchThread.java:105)
	at java.awt.EventDispatchThread.pumpEvents(EventDispatchThread.java:101)
	at java.awt.EventDispatchThread.pumpEvents(EventDispatchThread.java:93)
	at java.awt.EventDispatchThread.run(EventDispatchThread.java:82)
